31-03-2024 23:16:15 /files/ http://localhost/
01-04-2024 21:46:19 /lab-2-php/ http://localhost/
02-04-2024 11:00:14 /files/ http://localhost/
02-04-2024 11:00:18 /files/ http://localhost/
02-04-2024 12:00:46 /files/index.php http://localhost/files/inc/gbook.inc.php
02-04-2024 12:00:58 /files/index.php?id=gbook http://localhost/files/index.php
02-04-2024 12:01:12 /files/index.php?id=gbook http://localhost/files/index.php?id=gbook
02-04-2024 12:02:10 /files/index.php?id=gbook http://localhost/files/index.php?id=gbook
02-04-2024 12:02:55 /files/index.php?id=gbook http://localhost/files/index.php?id=gbook
02-04-2024 12:02:56 /files/index.php?id=gbook&del=1 http://localhost/files/index.php?id=gbook
02-04-2024 12:03:58 /files/index.php?id=gbook&del=1 http://localhost/files/index.php?id=gbook&del=1
02-04-2024 12:10:54 /files/index.php?id=gbook&del=1 http://localhost/files/index.php?id=gbook&del=1
02-04-2024 12:10:58 /files/index.php?id=gbook&del=0 http://localhost/files/index.php?id=gbook&del=1
02-04-2024 12:11:01 /files/index.php?id=gbook&del=2 http://localhost/files/index.php?id=gbook&del=0
02-04-2024 12:11:03 /files/index.php?id=gbook&del=0 http://localhost/files/index.php?id=gbook&del=2
02-04-2024 12:11:04 /files/index.php?id=gbook&del=2 http://localhost/files/index.php?id=gbook&del=0
02-04-2024 12:11:15 /files/index.php?id=gbook&del=2 http://localhost/files/index.php?id=gbook&del=2
02-04-2024 12:11:42 /files/index.php?id=gbook http://localhost/files/index.php?id=gbook
02-04-2024 12:15:16 /files/index.php?id=gbook http://localhost/files/index.php?id=gbook
02-04-2024 12:15:17 /files/index.php?id=gbook&del=0 http://localhost/files/index.php?id=gbook
02-04-2024 12:15:19 /files/index.php?id=gbook&del=3 http://localhost/files/index.php?id=gbook&del=0
02-04-2024 12:15:24 /files/index.php?id=gbook&del=5 http://localhost/files/index.php?id=gbook&del=3
02-04-2024 12:15:25 /files/index.php?id=gbook&del=0 http://localhost/files/index.php?id=gbook&del=5
02-04-2024 12:15:26 /files/index.php?id=gbook&del=0 http://localhost/files/index.php?id=gbook&del=0
02-04-2024 12:15:26 /files/index.php?id=gbook&del=0 http://localhost/files/index.php?id=gbook&del=0
02-04-2024 12:15:27 /files/index.php?id=gbook&del=0 http://localhost/files/index.php?id=gbook&del=0
02-04-2024 12:15:27 /files/index.php?id=gbook&del=0 http://localhost/files/index.php?id=gbook&del=0
02-04-2024 12:15:27 /files/index.php?id=gbook&del=0 http://localhost/files/index.php?id=gbook&del=0
02-04-2024 12:15:27 /files/index.php?id=gbook&del=0 http://localhost/files/index.php?id=gbook&del=0
02-04-2024 12:15:27 /files/index.php?id=gbook&del=0 http://localhost/files/index.php?id=gbook&del=0
02-04-2024 12:15:27 /files/index.php?id=gbook&del=0 http://localhost/files/index.php?id=gbook&del=0
02-04-2024 12:15:28 /files/index.php?id=gbook&del=0 http://localhost/files/index.php?id=gbook&del=0
02-04-2024 12:15:28 /files/index.php?id=gbook&del=0 http://localhost/files/index.php?id=gbook&del=0
02-04-2024 12:15:28 /files/index.php?id=gbook&del=0 http://localhost/files/index.php?id=gbook&del=0
02-04-2024 12:15:28 /files/index.php?id=gbook&del=0 http://localhost/files/index.php?id=gbook&del=0
02-04-2024 12:15:35 /files/index.php?id=gbook&del=19 http://localhost/files/index.php?id=gbook&del=0
02-04-2024 12:16:52 /files/index.php?id=gbook http://localhost/files/index.php?id=gbook
02-04-2024 12:16:56 /files/index.php?id=gbook&del=1 http://localhost/files/index.php?id=gbook
02-04-2024 12:18:11 /files/index.php?id=gbook&del=0 http://localhost/files/index.php?id=gbook&del=1
02-04-2024 12:18:13 /files/index.php?id=gbook&del=2 http://localhost/files/index.php?id=gbook&del=0
02-04-2024 12:18:40 /files/index.php?id=gbook&del=0 http://localhost/files/index.php?id=gbook&del=2
02-04-2024 12:18:49 /files/index.php?id=log http://localhost/files/index.php?id=gbook&del=0
